C:\Users\Win 11\Desktop\sf-hubs\scripts\album_server.py:558: DeprecationWarning: 
        on_event is deprecated, use lifespan event handlers instead.

        Read more about it in the
        [FastAPI docs for Lifespan Events](https://fastapi.tiangolo.com/advanced/events/).
        
  @app.on_event("startup")
[Album Server] Starting on http://127.0.0.1:5300
INFO:     Started server process [23584]
INFO:     Waiting for application startup.
[Album Server] Photo root: C:\Users\Win 11\sf-hubs-photos
[Album Server] Thumbnails: enabled
INFO:     Application startup complete.
INFO:     Uvicorn running on http://127.0.0.1:5300 (Press CTRL+C to quit)
INFO:     127.0.0.1:61840 - "GET /api/health HTTP/1.1" 200 OK
INFO:     61.244.207.70:0 - "GET /api/health HTTP/1.1" 200 OK
INFO:     61.244.207.70:0 - "GET /api/trips HTTP/1.1" 200 OK
INFO:     61.244.207.70:0 - "POST /api/upload/test-trip HTTP/1.1" 400 Bad Request
[WARN] Thumbnail failed for 20260718-001427-462bb3fa.jpg: cannot identify image file 'C:\\Users\\Win 11\\sf-hubs-photos\\test-trip\\20260718-001427-462bb3fa.jpg'
INFO:     61.244.207.70:0 - "POST /api/upload/test-trip HTTP/1.1" 200 OK
INFO:     127.0.0.1:56665 - "GET /api/health HTTP/1.1" 200 OK
INFO:     127.0.0.1:63284 - "POST /api/upload/test-trip HTTP/1.1" 200 OK
INFO:     127.0.0.1:63292 - "GET /api/photo/test-trip/20260718-001507-622c5409.jpg HTTP/1.1" 200 OK
INFO:     127.0.0.1:56884 - "GET /api/photo/test-trip/20260718-001507-622c5409.jpg HTTP/1.1" 200 OK
INFO:     127.0.0.1:57514 - "GET /api/photo/test-trip/20260718-001507-622c5409.jpg HTTP/1.1" 200 OK
INFO:     61.244.207.70:0 - "GET /api/photo/test-trip/20260718-001507-622c5409.jpg HTTP/1.1" 200 OK
INFO:     2a09:bac3:391e:16d2::246:ba:0 - "GET /api/trips HTTP/1.1" 200 OK
INFO:     2a09:bac3:391e:16d2::246:ba:0 - "GET /api/photos/osaka-2026 HTTP/1.1" 200 OK
INFO:     2a09:bac3:391e:16d2::246:ba:0 - "GET /api/trips HTTP/1.1" 200 OK
INFO:     61.244.207.70:0 - "GET /api/trips HTTP/1.1" 200 OK
INFO:     2a09:bac3:391e:16d2::246:ba:0 - "GET /api/trips HTTP/1.1" 200 OK
INFO:     2a09:bac3:391e:16d2::246:ba:0 - "GET /api/trips HTTP/1.1" 200 OK
INFO:     2a09:bac3:391e:16d2::246:ba:0 - "GET /api/photos/osaka-2026 HTTP/1.1" 200 OK
INFO:     2a09:bac3:391e:16d2::246:ba:0 - "GET /api/trips HTTP/1.1" 200 OK
INFO:     2a09:bac3:391e:16d2::246:ba:0 - "GET /api/trips HTTP/1.1" 200 OK
INFO:     2a09:bac3:391e:16d2::246:ba:0 - "GET /api/photos/osaka-2026 HTTP/1.1" 200 OK
INFO:     2a09:bac3:391e:16d2::246:ba:0 - "POST /api/upload/osaka-2026 HTTP/1.1" 200 OK
INFO:     2a09:bac3:391e:16d2::246:ba:0 - "GET /api/photos/osaka-2026 HTTP/1.1" 200 OK
INFO:     2a09:bac3:391e:16d2::246:ba:0 - "GET /api/trips HTTP/1.1" 200 OK
INFO:     2a09:bac3:391e:16d2::246:ba:0 - "GET /api/photo/osaka-2026/thumbs/20260718-001628-c189c7d7.jpeg HTTP/1.1" 404 Not Found
[Classifier] Tagged 20260718-001628-c189c7d7.jpeg: day=1, spot=unknown (60%)
INFO:     61.244.207.70:0 - "GET /api/photos/test-trip HTTP/1.1" 200 OK
INFO:     61.244.207.70:0 - "GET /api/trips HTTP/1.1" 200 OK
INFO:     61.244.207.70:0 - "GET /api/photos/test-trip HTTP/1.1" 200 OK
INFO:     2a09:bac2:3918:16d2::246:d7:0 - "GET /api/trips HTTP/1.1" 200 OK
INFO:     2a09:bac2:3918:16d2::246:d7:0 - "GET /api/trips HTTP/1.1" 200 OK
INFO:     2a09:bac2:3918:16d2::246:d7:0 - "GET /api/photos/osaka-2026 HTTP/1.1" 200 OK
INFO:     2a09:bac2:3918:16d2::246:d7:0 - "GET /api/trips HTTP/1.1" 200 OK
INFO:     2a09:bac2:3918:16d2::246:d7:0 - "GET /api/trips HTTP/1.1" 200 OK
INFO:     2a09:bac2:3918:16d2::246:d7:0 - "GET /api/photos/test-trip HTTP/1.1" 200 OK
INFO:     2a09:bac2:3918:16d2::246:d7:0 - "GET /api/photo/test-trip/20260717-224700-387e655d.jpg HTTP/1.1" 200 OK
INFO:     2a09:bac2:3918:16d2::246:d7:0 - "GET /api/photos/osaka-2026 HTTP/1.1" 200 OK
INFO:     2a09:bac2:3918:16d2::246:d7:0 - "GET /api/trips HTTP/1.1" 200 OK
INFO:     2a09:bac2:3918:16d2::246:d7:0 - "GET /api/photo/osaka-2026/20260718-000420-753d237e.jpg HTTP/1.1" 200 OK
INFO:     2a09:bac2:3918:16d2::246:d7:0 - "GET /api/photo/osaka-2026/20260718-000441-6873ef4c.jpg HTTP/1.1" 200 OK
INFO:     2a09:bac2:3918:16d2::246:d7:0 - "GET /api/photo/osaka-2026/20260718-001628-c189c7d7.jpeg HTTP/1.1" 200 OK
INFO:     2a09:bac2:3918:16d2::246:d7:0 - "GET /api/trips HTTP/1.1" 200 OK
INFO:     2a09:bac2:3918:16d2::246:d7:0 - "GET /api/photos/test-trip HTTP/1.1" 200 OK
INFO:     2a09:bac2:3918:16d2::246:d7:0 - "GET /api/photo/test-trip/20260717-234725-54fecea3.jpg HTTP/1.1" 200 OK
INFO:     127.0.0.1:57086 - "GET /api/photos/osaka-2026 HTTP/1.1" 200 OK
INFO:     127.0.0.1:61273 - "POST /api/classify/osaka-2026/20260718-001628-c189c7d7.jpeg HTTP/1.1" 200 OK
INFO:     127.0.0.1:57844 - "GET /api/photo/osaka-2026/thumbs/20260718-001628-c189c7d7.jpeg HTTP/1.1" 404 Not Found
INFO:     127.0.0.1:57845 - "GET /api/photo/osaka-2026/20260718-001628-c189c7d7.jpeg HTTP/1.1" 200 OK
INFO:     127.0.0.1:59620 - "GET /api/photo/osaka-2026/thumbs/20260718-001628-c189c7d7.jpeg HTTP/1.1" 404 Not Found
INFO:     2a09:bac2:391b:2e1e::498:41:0 - "GET /api/trips HTTP/1.1" 200 OK
INFO:     2a09:bac2:391b:2e1e::498:41:0 - "GET /api/photos/test-trip HTTP/1.1" 200 OK
INFO:     2a09:bac2:391b:2e1e::498:41:0 - "GET /api/trips HTTP/1.1" 200 OK
INFO:     2a09:bac2:391b:2e1e::498:41:0 - "GET /api/trips HTTP/1.1" 200 OK
INFO:     2a09:bac2:391b:2e1e::498:41:0 - "GET /api/photos/osaka-2026 HTTP/1.1" 200 OK
INFO:     2a09:bac2:391b:2e1e::498:41:0 - "OPTIONS /api/photo/osaka-2026/20260718-000441-6873ef4c.jpg HTTP/1.1" 200 OK
INFO:     2a09:bac2:391b:2e1e::498:41:0 - "DELETE /api/photo/osaka-2026/20260718-000441-6873ef4c.jpg HTTP/1.1" 500 Internal Server Error
ERROR:    Exception in ASGI application
Traceback (most recent call last):
  File "C:\Users\Win 11\.qwenpaw.venv\Lib\site-packages\uvicorn\protocols\http\httptools_impl.py", line 421, in run_asgi
    result = await app(  # type: ignore[func-returns-value]
             ^^^^^^^^^^^^^^^^^^^^^^^^^^^^^^^^^^^^^^^^^^^^^^
  File "C:\Users\Win 11\.qwenpaw.venv\Lib\site-packages\uvicorn\middleware\proxy_headers.py", line 56, in __call__
    return await self.app(scope, receive, send)
           ^^^^^^^^^^^^^^^^^^^^^^^^^^^^^^^^^^^^
  File "C:\Users\Win 11\.qwenpaw.venv\Lib\site-packages\fastapi\applications.py", line 1159, in __call__
    await super().__call__(scope, receive, send)
  File "C:\Users\Win 11\.qwenpaw.venv\Lib\site-packages\starlette\applications.py", line 90, in __call__
    await self.middleware_stack(scope, receive, send)
  File "C:\Users\Win 11\.qwenpaw.venv\Lib\site-packages\starlette\middleware\errors.py", line 186, in __call__
    raise exc
  File "C:\Users\Win 11\.qwenpaw.venv\Lib\site-packages\starlette\middleware\errors.py", line 164, in __call__
    await self.app(scope, receive, _send)
  File "C:\Users\Win 11\.qwenpaw.venv\Lib\site-packages\starlette\middleware\cors.py", line 96, in __call__
    await self.simple_response(scope, receive, send, request_headers=headers)
  File "C:\Users\Win 11\.qwenpaw.venv\Lib\site-packages\starlette\middleware\cors.py", line 154, in simple_response
    await self.app(scope, receive, send)
  File "C:\Users\Win 11\.qwenpaw.venv\Lib\site-packages\starlette\middleware\exceptions.py", line 63, in __call__
    await wrap_app_handling_exceptions(self.app, conn)(scope, receive, send)
  File "C:\Users\Win 11\.qwenpaw.venv\Lib\site-packages\starlette\_exception_handler.py", line 53, in wrapped_app
    raise exc
  File "C:\Users\Win 11\.qwenpaw.venv\Lib\site-packages\starlette\_exception_handler.py", line 42, in wrapped_app
    await app(scope, receive, sender)
  File "C:\Users\Win 11\.qwenpaw.venv\Lib\site-packages\fastapi\middleware\asyncexitstack.py", line 18, in __call__
    await self.app(scope, receive, send)
  File "C:\Users\Win 11\.qwenpaw.venv\Lib\site-packages\starlette\routing.py", line 660, in __call__
    await self.middleware_stack(scope, receive, send)
  File "C:\Users\Win 11\.qwenpaw.venv\Lib\site-packages\starlette\routing.py", line 680, in app
    await route.handle(scope, receive, send)
  File "C:\Users\Win 11\.qwenpaw.venv\Lib\site-packages\starlette\routing.py", line 276, in handle
    await self.app(scope, receive, send)
  File "C:\Users\Win 11\.qwenpaw.venv\Lib\site-packages\fastapi\routing.py", line 134, in app
    await wrap_app_handling_exceptions(app, request)(scope, receive, send)
  File "C:\Users\Win 11\.qwenpaw.venv\Lib\site-packages\starlette\_exception_handler.py", line 53, in wrapped_app
    raise exc
  File "C:\Users\Win 11\.qwenpaw.venv\Lib\site-packages\starlette\_exception_handler.py", line 42, in wrapped_app
    await app(scope, receive, sender)
  File "C:\Users\Win 11\.qwenpaw.venv\Lib\site-packages\fastapi\routing.py", line 120, in app
    response = await f(request)
               ^^^^^^^^^^^^^^^^
  File "C:\Users\Win 11\.qwenpaw.venv\Lib\site-packages\fastapi\routing.py", line 674, in app
    raw_response = await run_endpoint_function(
                   ^^^^^^^^^^^^^^^^^^^^^^^^^^^^
  File "C:\Users\Win 11\.qwenpaw.venv\Lib\site-packages\fastapi\routing.py", line 330, in run_endpoint_function
    return await run_in_threadpool(dependant.call, **values)
           ^^^^^^^^^^^^^^^^^^^^^^^^^^^^^^^^^^^^^^^^^^^^^^^^^
  File "C:\Users\Win 11\.qwenpaw.venv\Lib\site-packages\starlette\concurrency.py", line 32, in run_in_threadpool
    return await anyio.to_thread.run_sync(func)
           ^^^^^^^^^^^^^^^^^^^^^^^^^^^^^^^^^^^^
  File "C:\Users\Win 11\.qwenpaw.venv\Lib\site-packages\anyio\to_thread.py", line 63, in run_sync
    return await get_async_backend().run_sync_in_worker_thread(
           ^^^^^^^^^^^^^^^^^^^^^^^^^^^^^^^^^^^^^^^^^^^^^^^^^^^^
  File "C:\Users\Win 11\.qwenpaw.venv\Lib\site-packages\anyio\_backends\_asyncio.py", line 2502, in run_sync_in_worker_thread
    return await future
           ^^^^^^^^^^^^
  File "C:\Users\Win 11\.qwenpaw.venv\Lib\site-packages\anyio\_backends\_asyncio.py", line 986, in run
    result = context.run(func, *args)
             ^^^^^^^^^^^^^^^^^^^^^^^^
  File "C:\Users\Win 11\Desktop\sf-hubs\scripts\album_server.py", line 370, in soft_delete_photo
    threading.Thread(target=_classify_async, args=(filepath, trip_id_safe, key), daemon=True).start()
                                                             ^^^^^^^^^^^^
NameError: name 'trip_id_safe' is not defined
INFO:     127.0.0.1:52405 - "GET /api/health HTTP/1.1" 200 OK
